2022-06-30 10:27:42,691:INFO:~~~~~~~~~~~~~~Starting Client Application~~~~~~~~~~~~
2022-06-30 10:27:42,707:INFO:Successfully set logging levels
2022-06-30 10:27:44,032:WARNING:Failed to set "framerate"
2022-06-30 10:27:44,386:WARNING:Failed to set "region_of_interest"
2022-06-30 10:27:44,386:WARNING:Failed to set "spatial_filter_level"
2022-06-30 10:27:46,854:INFO:Successfully connected RealSense camera
2022-06-30 10:27:46,860:INFO:Successfully connected to opc.tcp://localhost:4840
2022-06-30 10:27:46,860:INFO:Successfully retrieved nodes from OPC server
2022-06-30 10:27:53,868:INFO:~~~~~~~~~~~~~~~~User Exited Application~~~~~~~~~~~~~~

2022-06-30 10:27:55,075:INFO:Took picture: "30-06-2022 10-27-49"
2022-06-30 10:27:58,399:INFO:~~~~~~~~~~~~~~~~User Exited Application~~~~~~~~~~~~~~

2022-06-30 10:27:58,599:INFO:~~~~~~~~~~~~~~~~User Exited Application~~~~~~~~~~~~~~

2022-06-30 10:27:58,762:INFO:~~~~~~~~~~~~~~~~User Exited Application~~~~~~~~~~~~~~

2022-06-30 10:27:58,915:INFO:~~~~~~~~~~~~~~~~User Exited Application~~~~~~~~~~~~~~

2022-06-30 10:27:59,047:INFO:~~~~~~~~~~~~~~~~User Exited Application~~~~~~~~~~~~~~

2022-06-30 10:28:00,466:INFO:~~~~~~~~~~~~~~~~User Exited Application~~~~~~~~~~~~~~

2022-06-30 10:28:12,142:INFO:~~~~~~~~~~~~~~~~User Exited Application~~~~~~~~~~~~~~

2022-06-30 10:29:44,039:INFO:~~~~~~~~~~~~~~Starting Client Application~~~~~~~~~~~~
2022-06-30 10:29:44,051:INFO:Successfully set logging levels
2022-06-30 10:29:45,238:WARNING:Failed to set "framerate"
2022-06-30 10:29:45,652:WARNING:Failed to set "region_of_interest"
2022-06-30 10:29:45,652:WARNING:Failed to set "spatial_filter_level"
2022-06-30 10:29:48,123:INFO:Successfully connected RealSense camera
2022-06-30 10:29:49,663:INFO:Successfully connected to opc.tcp://localhost:4840
2022-06-30 10:29:49,663:INFO:Successfully retrieved nodes from OPC server
2022-06-30 10:29:49,748:ERROR:required argument is not an integer
2022-06-30 10:29:49,748:CRITICAL:~~~~~~~~~~~~~~~~~Restarting Application~~~~~~~~~~~~~~

2022-06-30 10:29:54,757:INFO:~~~~~~~~~~~~~~Starting Client Application~~~~~~~~~~~~
2022-06-30 10:29:54,757:INFO:Successfully set logging levels
2022-06-30 10:29:55,057:WARNING:Failed to set "framerate"
2022-06-30 10:29:55,412:WARNING:Failed to set "region_of_interest"
2022-06-30 10:29:55,412:WARNING:Failed to set "spatial_filter_level"
2022-06-30 10:29:58,650:INFO:Successfully connected RealSense camera
2022-06-30 10:29:58,666:INFO:Successfully connected to opc.tcp://localhost:4840
2022-06-30 10:29:58,666:INFO:Successfully retrieved nodes from OPC server
2022-06-30 10:29:58,666:ERROR:required argument is not an integer
2022-06-30 10:29:58,681:CRITICAL:~~~~~~~~~~~~~~~~~Restarting Application~~~~~~~~~~~~~~

2022-06-30 10:30:03,696:INFO:~~~~~~~~~~~~~~Starting Client Application~~~~~~~~~~~~
2022-06-30 10:30:03,696:INFO:Successfully set logging levels
2022-06-30 10:30:03,997:WARNING:Failed to set "framerate"
2022-06-30 10:30:04,335:WARNING:Failed to set "region_of_interest"
2022-06-30 10:30:04,335:WARNING:Failed to set "spatial_filter_level"
2022-06-30 10:30:05,533:INFO:~~~~~~~~~~~~~~~~User Exited Application~~~~~~~~~~~~~~

2022-06-30 10:30:05,534:INFO:~~~~~~~~~~~~~~~~User Exited Application~~~~~~~~~~~~~~

2022-06-30 10:30:05,535:INFO:~~~~~~~~~~~~~~~~User Exited Application~~~~~~~~~~~~~~

