2022-06-20 21:44:14,493:239:INFO:

~~~~~Starting Client Application~~~~~

2022-06-20 21:44:14,493:250:INFO:Successfully read configuration file and set logging levels
2022-06-20 21:44:29,566:199:ERROR:Failed to connect camera
2022-06-20 21:44:29,566:200:CRITICAL:Restarting program
2022-06-20 21:44:29,566:239:INFO:

~~~~~Starting Client Application~~~~~

2022-06-20 21:44:29,567:250:INFO:Successfully read configuration file and set logging levels
2022-06-20 21:44:44,619:199:ERROR:Failed to connect camera
2022-06-20 21:44:44,619:200:CRITICAL:Restarting program
2022-06-20 21:44:44,619:239:INFO:

~~~~~Starting Client Application~~~~~

2022-06-20 21:44:44,620:250:INFO:Successfully read configuration file and set logging levels
2022-06-20 21:44:59,676:199:ERROR:Failed to connect camera
2022-06-20 21:44:59,676:200:CRITICAL:Restarting program
2022-06-20 21:44:59,676:239:INFO:

~~~~~Starting Client Application~~~~~

2022-06-20 21:44:59,676:250:INFO:Successfully read configuration file and set logging levels
2022-06-20 21:45:14,733:199:ERROR:Failed to connect camera
2022-06-20 21:45:14,733:200:CRITICAL:Restarting program
2022-06-20 21:45:14,733:239:INFO:

~~~~~Starting Client Application~~~~~

2022-06-20 21:45:14,733:250:INFO:Successfully read configuration file and set logging levels
